<?xml version="1.0" encoding="UTF-8"?>
<testng-results skipped="0" failed="2" ignored="1" total="4" passed="1">
  <reporter-output>
  </reporter-output>
  <suite name="Default suite" duration-ms="34404" started-at="2018-11-14T12:02:08Z" finished-at="2018-11-14T12:02:42Z">
    <groups>
    </groups>
    <test name="Default test" duration-ms="34404" started-at="2018-11-14T12:02:08Z" finished-at="2018-11-14T12:02:42Z">
      <class name="Delta.RepServ.main">
        <test-method status="PASS" signature="all_methods()[pri:0, instance:Delta.RepServ.main@123ab24]" name="all_methods" duration-ms="34373" started-at="2018-11-14T12:02:08Z" finished-at="2018-11-14T12:02:42Z">
          <reporter-output>
          </reporter-output>
        </test-method> <!-- all_methods -->
        <test-method status="FAIL" signature="login_invalid(java.lang.String, java.lang.String)[pri:0, instance:Delta.RepServ.main@123ab24]" name="login_invalid" duration-ms="0" started-at="2018-11-14T12:02:42Z" finished-at="2018-11-14T12:02:42Z">
          <exception class="org.testng.TestNGException">
            <message>
              <![CDATA[
Parameter 'bEmailadd' is required by @Test on method login_invalid but has not been marked @Optional or defined
in C:\Users\vgaddamede\AppData\Local\Temp\testng-eclipse--1777963708\testng-customsuite.xml]]>
            </message>
            <full-stacktrace>
              <![CDATA[org.testng.TestNGException: 
Parameter 'bEmailadd' is required by @Test on method login_invalid but has not been marked @Optional or defined
in C:\Users\vgaddamede\AppData\Local\Temp\testng-eclipse--1777963708\testng-customsuite.xml
at org.testng.internal.Parameters.createParams(Parameters.java:290)
at org.testng.internal.Parameters.createParametersForMethod(Parameters.java:359)
at org.testng.internal.Parameters.createParameters(Parameters.java:620)
at org.testng.internal.Parameters.handleParameters(Parameters.java:769)
at org.testng.internal.ParameterHandler.handleParameters(ParameterHandler.java:49)
at org.testng.internal.ParameterHandler.createParameters(ParameterHandler.java:37)
at org.testng.internal.Invoker.invokeTestMethods(Invoker.java:924)
at org.testng.internal.TestMethodWorker.invokeTestMethods(TestMethodWorker.java:125)
at org.testng.internal.TestMethodWorker.run(TestMethodWorker.java:109)
at org.testng.TestRunner.privateRun(TestRunner.java:648)
at org.testng.TestRunner.run(TestRunner.java:505)
at org.testng.SuiteRunner.runTest(SuiteRunner.java:455)
at org.testng.SuiteRunner.runSequentially(SuiteRunner.java:450)
at org.testng.SuiteRunner.privateRun(SuiteRunner.java:415)
at org.testng.SuiteRunner.run(SuiteRunner.java:364)
at org.testng.SuiteRunnerWorker.runSuite(SuiteRunnerWorker.java:52)
at org.testng.SuiteRunnerWorker.run(SuiteRunnerWorker.java:84)
at org.testng.TestNG.runSuitesSequentially(TestNG.java:1208)
at org.testng.TestNG.runSuitesLocally(TestNG.java:1137)
at org.testng.TestNG.runSuites(TestNG.java:1049)
at org.testng.TestNG.run(TestNG.java:1017)
at org.testng.remote.AbstractRemoteTestNG.run(AbstractRemoteTestNG.java:114)
at org.testng.remote.RemoteTestNG.initAndRun(RemoteTestNG.java:251)
at org.testng.remote.RemoteTestNG.main(RemoteTestNG.java:77)
]]>
            </full-stacktrace>
          </exception> <!-- org.testng.TestNGException -->
          <reporter-output>
          </reporter-output>
        </test-method> <!-- login_invalid -->
        <test-method status="FAIL" signature="login_valid(java.lang.String, java.lang.String)[pri:0, instance:Delta.RepServ.main@123ab24]" name="login_valid" duration-ms="0" started-at="2018-11-14T12:02:42Z" finished-at="2018-11-14T12:02:42Z">
          <exception class="org.testng.TestNGException">
            <message>
              <![CDATA[
Parameter 'aEmailadd' is required by @Test on method login_valid but has not been marked @Optional or defined
in C:\Users\vgaddamede\AppData\Local\Temp\testng-eclipse--1777963708\testng-customsuite.xml]]>
            </message>
            <full-stacktrace>
              <![CDATA[org.testng.TestNGException: 
Parameter 'aEmailadd' is required by @Test on method login_valid but has not been marked @Optional or defined
in C:\Users\vgaddamede\AppData\Local\Temp\testng-eclipse--1777963708\testng-customsuite.xml
at org.testng.internal.Parameters.createParams(Parameters.java:290)
at org.testng.internal.Parameters.createParametersForMethod(Parameters.java:359)
at org.testng.internal.Parameters.createParameters(Parameters.java:620)
at org.testng.internal.Parameters.handleParameters(Parameters.java:769)
at org.testng.internal.ParameterHandler.handleParameters(ParameterHandler.java:49)
at org.testng.internal.ParameterHandler.createParameters(ParameterHandler.java:37)
at org.testng.internal.Invoker.invokeTestMethods(Invoker.java:924)
at org.testng.internal.TestMethodWorker.invokeTestMethods(TestMethodWorker.java:125)
at org.testng.internal.TestMethodWorker.run(TestMethodWorker.java:109)
at org.testng.TestRunner.privateRun(TestRunner.java:648)
at org.testng.TestRunner.run(TestRunner.java:505)
at org.testng.SuiteRunner.runTest(SuiteRunner.java:455)
at org.testng.SuiteRunner.runSequentially(SuiteRunner.java:450)
at org.testng.SuiteRunner.privateRun(SuiteRunner.java:415)
at org.testng.SuiteRunner.run(SuiteRunner.java:364)
at org.testng.SuiteRunnerWorker.runSuite(SuiteRunnerWorker.java:52)
at org.testng.SuiteRunnerWorker.run(SuiteRunnerWorker.java:84)
at org.testng.TestNG.runSuitesSequentially(TestNG.java:1208)
at org.testng.TestNG.runSuitesLocally(TestNG.java:1137)
at org.testng.TestNG.runSuites(TestNG.java:1049)
at org.testng.TestNG.run(TestNG.java:1017)
at org.testng.remote.AbstractRemoteTestNG.run(AbstractRemoteTestNG.java:114)
at org.testng.remote.RemoteTestNG.initAndRun(RemoteTestNG.java:251)
at org.testng.remote.RemoteTestNG.main(RemoteTestNG.java:77)
]]>
            </full-stacktrace>
          </exception> <!-- org.testng.TestNGException -->
          <reporter-output>
          </reporter-output>
        </test-method> <!-- login_valid -->
      </class> <!-- Delta.RepServ.main -->
    </test> <!-- Default test -->
  </suite> <!-- Default suite -->
</testng-results>
